<?xml version="1.0" encoding="UTF-8" ?>
<testsuite tests="3" failures="0" name="com.jk.delivery.bo.PriceTest" time="0" errors="0" skipped="0">
  <properties>
[...]
</properties>
  <testcase classname="com.jk.delivery.bo.PriceTest" name="whenMoreThanThreeDecimalDigits_thenShouldGiveConstraintViolations" time="0"/>
  <testcase classname="com.jk.delivery.bo.PriceTest" name="whenMoreThanSevenIntegerDigits_thenShouldGiveConstraintViolations" time="0"/>
  <testcase classname="com.jk.delivery.bo.PriceTest" name="whenPriceIsNotPositiveValue_thenShouldGiveConstraintViolations" time="0"/>
</testsuite>